/*C1*/SET SCHEMA PUBLIC
CONNECT USER SA
DROP TABLE person IF EXISTS
CREATE TABLE person ( firstName VARCHAR(20), lastName VARCHAR(20), school VARCHAR(20), rollNumber int)
INSERT INTO PERSON VALUES('Henry','Donald','Little Garden',1234901)
INSERT INTO PERSON VALUES('Eric','Osborne','Little Garden',1234991)
DROP TABLE BATCH_STEP_EXECUTION_CONTEXT IF EXISTS
DROP TABLE BATCH_JOB_EXECUTION_CONTEXT IF EXISTS
DROP TABLE BATCH_STEP_EXECUTION IF EXISTS
DROP TABLE BATCH_JOB_EXECUTION_PARAMS IF EXISTS
DROP TABLE BATCH_JOB_EXECUTION IF EXISTS
DROP TABLE BATCH_JOB_INSTANCE IF EXISTS
DROP TABLE BATCH_STEP_EXECUTION_SEQ IF EXISTS
DROP TABLE BATCH_JOB_EXECUTION_SEQ IF EXISTS
DROP TABLE BATCH_JOB_SEQ IF EXISTS
CREATE TABLE BATCH_JOB_INSTANCE ( JOB_INSTANCE_ID BIGINT IDENTITY NOT NULL PRIMARY KEY , VERSION BIGINT , JOB_NAME VARCHAR(100) NOT NULL, JOB_KEY VARCHAR(32) NOT NULL, constraint JOB_INST_UN unique (JOB_NAME, JOB_KEY) ) 
CREATE TABLE BATCH_JOB_EXECUTION ( JOB_EXECUTION_ID BIGINT IDENTITY NOT NULL PRIMARY KEY , VERSION BIGINT , JOB_INSTANCE_ID BIGINT NOT NULL, CREATE_TIME TIMESTAMP NOT NULL, START_TIME TIMESTAMP DEFAULT NULL , END_TIME TIMESTAMP DEFAULT NULL , STATUS VARCHAR(10) , EXIT_CODE VARCHAR(2500) , EXIT_MESSAGE VARCHAR(2500) , LAST_UPDATED TIMESTAMP, JOB_CONFIGURATION_LOCATION VARCHAR(2500) NULL, constraint JOB_INST_EXEC_FK foreign key (JOB_INSTANCE_ID) references BATCH_JOB_INSTANCE(JOB_INSTANCE_ID) ) 
CREATE TABLE BATCH_JOB_EXECUTION_PARAMS ( JOB_EXECUTION_ID BIGINT NOT NULL , TYPE_CD VARCHAR(6) NOT NULL , KEY_NAME VARCHAR(100) NOT NULL , STRING_VAL VARCHAR(250) , DATE_VAL TIMESTAMP DEFAULT NULL , LONG_VAL BIGINT , DOUBLE_VAL DOUBLE PRECISION , IDENTIFYING CHAR(1) NOT NULL , constraint JOB_EXEC_PARAMS_FK foreign key (JOB_EXECUTION_ID) references BATCH_JOB_EXECUTION(JOB_EXECUTION_ID) ) 
CREATE TABLE BATCH_STEP_EXECUTION ( STEP_EXECUTION_ID BIGINT IDENTITY NOT NULL PRIMARY KEY , VERSION BIGINT NOT NULL, STEP_NAME VARCHAR(100) NOT NULL, JOB_EXECUTION_ID BIGINT NOT NULL, START_TIME TIMESTAMP NOT NULL , END_TIME TIMESTAMP DEFAULT NULL , STATUS VARCHAR(10) , COMMIT_COUNT BIGINT , READ_COUNT BIGINT , FILTER_COUNT BIGINT , WRITE_COUNT BIGINT , READ_SKIP_COUNT BIGINT , WRITE_SKIP_COUNT BIGINT , PROCESS_SKIP_COUNT BIGINT , ROLLBACK_COUNT BIGINT , EXIT_CODE VARCHAR(2500) , EXIT_MESSAGE VARCHAR(2500) , LAST_UPDATED TIMESTAMP, constraint JOB_EXEC_STEP_FK foreign key (JOB_EXECUTION_ID) references BATCH_JOB_EXECUTION(JOB_EXECUTION_ID) ) 
CREATE TABLE BATCH_STEP_EXECUTION_CONTEXT ( STEP_EXECUTION_ID BIGINT NOT NULL PRIMARY KEY, SHORT_CONTEXT VARCHAR(2500) NOT NULL, SERIALIZED_CONTEXT LONGVARCHAR , constraint STEP_EXEC_CTX_FK foreign key (STEP_EXECUTION_ID) references BATCH_STEP_EXECUTION(STEP_EXECUTION_ID) ) 
CREATE TABLE BATCH_JOB_EXECUTION_CONTEXT ( JOB_EXECUTION_ID BIGINT NOT NULL PRIMARY KEY, SHORT_CONTEXT VARCHAR(2500) NOT NULL, SERIALIZED_CONTEXT LONGVARCHAR , constraint JOB_EXEC_CTX_FK foreign key (JOB_EXECUTION_ID) references BATCH_JOB_EXECUTION(JOB_EXECUTION_ID) ) 
CREATE TABLE BATCH_STEP_EXECUTION_SEQ ( ID BIGINT IDENTITY )
CREATE TABLE BATCH_JOB_EXECUTION_SEQ ( ID BIGINT IDENTITY )
CREATE TABLE BATCH_JOB_SEQ ( ID BIGINT IDENTITY )
INSERT INTO BATCH_JOB_SEQ VALUES(0)
INSERT INTO BATCH_JOB_INSTANCE VALUES(0,0,'myJob','d41d8cd98f00b204e9800998ecf8427e')
INSERT INTO BATCH_JOB_EXECUTION_SEQ VALUES(0)
INSERT INTO BATCH_JOB_EXECUTION VALUES(0,0,0,'2018-04-23 15:12:35.083000000',NULL,NULL,'STARTING','UNKNOWN','','2018-04-23 15:12:35.083000000',NULL)
INSERT INTO BATCH_JOB_EXECUTION_CONTEXT VALUES(0,'{"map":[""]}',NULL)
SET AUTOCOMMIT FALSE
DELETE FROM BATCH_JOB_EXECUTION WHERE JOB_EXECUTION_ID=0
INSERT INTO BATCH_JOB_EXECUTION VALUES(0,1,0,'2018-04-23 15:12:35.083000000','2018-04-23 15:12:35.100000000',NULL,'STARTED','UNKNOWN','','2018-04-23 15:12:35.101000000',NULL)
SET AUTOCOMMIT TRUE
INSERT INTO BATCH_STEP_EXECUTION_SEQ VALUES(0)
INSERT INTO BATCH_STEP_EXECUTION VALUES(0,0,'step1',0,'2018-04-23 15:12:35.110000000',NULL,'STARTING',0,0,0,0,0,0,0,0,'EXECUTING','','2018-04-23 15:12:35.110000000')
INSERT INTO BATCH_STEP_EXECUTION_CONTEXT VALUES(0,'{"map":[""]}',NULL)
SET AUTOCOMMIT FALSE
DELETE FROM BATCH_STEP_EXECUTION WHERE STEP_EXECUTION_ID=0
INSERT INTO BATCH_STEP_EXECUTION VALUES(0,1,'step1',0,'2018-04-23 15:12:35.112000000',NULL,'STARTED',0,0,0,0,0,0,0,0,'EXECUTING','','2018-04-23 15:12:35.112000000')
SET AUTOCOMMIT TRUE
SET AUTOCOMMIT FALSE
DELETE FROM BATCH_STEP_EXECUTION_CONTEXT WHERE STEP_EXECUTION_ID=0
INSERT INTO BATCH_STEP_EXECUTION_CONTEXT VALUES(0,'{"map":[{"entry":[{"string":["batch.taskletType","com.javacodegeeks.example.util.MyTasklet"]},{"string":["batch.stepType","org.springframework.batch.core.step.tasklet.TaskletStep"]}]}]}',NULL)
SET AUTOCOMMIT TRUE
SET AUTOCOMMIT FALSE
DELETE FROM BATCH_STEP_EXECUTION_CONTEXT WHERE STEP_EXECUTION_ID=0
INSERT INTO BATCH_STEP_EXECUTION_CONTEXT VALUES(0,'{"map":[{"entry":[{"string":["batch.taskletType","com.javacodegeeks.example.util.MyTasklet"]},{"string":["batch.stepType","org.springframework.batch.core.step.tasklet.TaskletStep"]}]}]}',NULL)
SET AUTOCOMMIT TRUE
SET AUTOCOMMIT FALSE
DELETE FROM BATCH_STEP_EXECUTION WHERE STEP_EXECUTION_ID=0
INSERT INTO BATCH_STEP_EXECUTION VALUES(0,2,'step1',0,'2018-04-23 15:12:35.112000000',NULL,'STARTED',1,0,0,0,0,0,0,0,'EXECUTING','','2018-04-23 15:12:35.122000000')
SET AUTOCOMMIT TRUE
SET AUTOCOMMIT FALSE
DELETE FROM BATCH_STEP_EXECUTION_CONTEXT WHERE STEP_EXECUTION_ID=0
INSERT INTO BATCH_STEP_EXECUTION_CONTEXT VALUES(0,'{"map":[{"entry":[{"string":["batch.taskletType","com.javacodegeeks.example.util.MyTasklet"]},{"string":["batch.stepType","org.springframework.batch.core.step.tasklet.TaskletStep"]}]}]}',NULL)
SET AUTOCOMMIT TRUE
SET AUTOCOMMIT FALSE
DELETE FROM BATCH_STEP_EXECUTION WHERE STEP_EXECUTION_ID=0
INSERT INTO BATCH_STEP_EXECUTION VALUES(0,3,'step1',0,'2018-04-23 15:12:35.112000000','2018-04-23 15:12:35.124000000','COMPLETED',1,0,0,0,0,0,0,0,'COMPLETED','','2018-04-23 15:12:35.124000000')
SET AUTOCOMMIT TRUE
SET AUTOCOMMIT FALSE
DELETE FROM BATCH_JOB_EXECUTION_CONTEXT WHERE JOB_EXECUTION_ID=0
INSERT INTO BATCH_JOB_EXECUTION_CONTEXT VALUES(0,'{"map":[""]}',NULL)
SET AUTOCOMMIT TRUE
SET AUTOCOMMIT FALSE
DELETE FROM BATCH_JOB_EXECUTION WHERE JOB_EXECUTION_ID=0
INSERT INTO BATCH_JOB_EXECUTION VALUES(0,2,0,'2018-04-23 15:12:35.083000000','2018-04-23 15:12:35.100000000','2018-04-23 15:12:35.126000000','COMPLETED','COMPLETED','','2018-04-23 15:12:35.126000000',NULL)
SET AUTOCOMMIT TRUE
INSERT INTO BATCH_JOB_EXECUTION_SEQ VALUES(1)
DELETE FROM BATCH_JOB_EXECUTION_SEQ WHERE ID=0
INSERT INTO BATCH_JOB_EXECUTION VALUES(1,0,0,'2018-04-23 15:12:40.031000000',NULL,NULL,'STARTING','UNKNOWN','','2018-04-23 15:12:40.031000000',NULL)
INSERT INTO BATCH_JOB_EXECUTION_CONTEXT VALUES(1,'{"map":[""]}',NULL)
SET AUTOCOMMIT FALSE
DELETE FROM BATCH_JOB_EXECUTION WHERE JOB_EXECUTION_ID=1
INSERT INTO BATCH_JOB_EXECUTION VALUES(1,1,0,'2018-04-23 15:12:40.031000000','2018-04-23 15:12:40.034000000',NULL,'STARTED','UNKNOWN','','2018-04-23 15:12:40.034000000',NULL)
SET AUTOCOMMIT TRUE
INSERT INTO BATCH_STEP_EXECUTION_SEQ VALUES(1)
DELETE FROM BATCH_STEP_EXECUTION_SEQ WHERE ID=0
INSERT INTO BATCH_STEP_EXECUTION VALUES(1,0,'step1',1,'2018-04-23 15:12:40.042000000',NULL,'STARTING',0,0,0,0,0,0,0,0,'EXECUTING','','2018-04-23 15:12:40.042000000')
INSERT INTO BATCH_STEP_EXECUTION_CONTEXT VALUES(1,'{"map":[""]}',NULL)
SET AUTOCOMMIT FALSE
DELETE FROM BATCH_STEP_EXECUTION WHERE STEP_EXECUTION_ID=1
INSERT INTO BATCH_STEP_EXECUTION VALUES(1,1,'step1',1,'2018-04-23 15:12:40.045000000',NULL,'STARTED',0,0,0,0,0,0,0,0,'EXECUTING','','2018-04-23 15:12:40.045000000')
SET AUTOCOMMIT TRUE
SET AUTOCOMMIT FALSE
DELETE FROM BATCH_STEP_EXECUTION_CONTEXT WHERE STEP_EXECUTION_ID=1
INSERT INTO BATCH_STEP_EXECUTION_CONTEXT VALUES(1,'{"map":[{"entry":[{"string":["batch.taskletType","com.javacodegeeks.example.util.MyTasklet"]},{"string":["batch.stepType","org.springframework.batch.core.step.tasklet.TaskletStep"]}]}]}',NULL)
SET AUTOCOMMIT TRUE
SET AUTOCOMMIT FALSE
DELETE FROM BATCH_STEP_EXECUTION_CONTEXT WHERE STEP_EXECUTION_ID=1
INSERT INTO BATCH_STEP_EXECUTION_CONTEXT VALUES(1,'{"map":[{"entry":[{"string":["batch.taskletType","com.javacodegeeks.example.util.MyTasklet"]},{"string":["batch.stepType","org.springframework.batch.core.step.tasklet.TaskletStep"]}]}]}',NULL)
SET AUTOCOMMIT TRUE
SET AUTOCOMMIT FALSE
DELETE FROM BATCH_STEP_EXECUTION WHERE STEP_EXECUTION_ID=1
INSERT INTO BATCH_STEP_EXECUTION VALUES(1,2,'step1',1,'2018-04-23 15:12:40.045000000',NULL,'STARTED',1,0,0,0,0,0,0,0,'EXECUTING','','2018-04-23 15:12:40.050000000')
SET AUTOCOMMIT TRUE
SET AUTOCOMMIT FALSE
DELETE FROM BATCH_STEP_EXECUTION_CONTEXT WHERE STEP_EXECUTION_ID=1
INSERT INTO BATCH_STEP_EXECUTION_CONTEXT VALUES(1,'{"map":[{"entry":[{"string":["batch.taskletType","com.javacodegeeks.example.util.MyTasklet"]},{"string":["batch.stepType","org.springframework.batch.core.step.tasklet.TaskletStep"]}]}]}',NULL)
SET AUTOCOMMIT TRUE
SET AUTOCOMMIT FALSE
DELETE FROM BATCH_STEP_EXECUTION WHERE STEP_EXECUTION_ID=1
INSERT INTO BATCH_STEP_EXECUTION VALUES(1,3,'step1',1,'2018-04-23 15:12:40.045000000','2018-04-23 15:12:40.052000000','COMPLETED',1,0,0,0,0,0,0,0,'COMPLETED','','2018-04-23 15:12:40.052000000')
SET AUTOCOMMIT TRUE
SET AUTOCOMMIT FALSE
DELETE FROM BATCH_JOB_EXECUTION_CONTEXT WHERE JOB_EXECUTION_ID=1
INSERT INTO BATCH_JOB_EXECUTION_CONTEXT VALUES(1,'{"map":[""]}',NULL)
SET AUTOCOMMIT TRUE
SET AUTOCOMMIT FALSE
DELETE FROM BATCH_JOB_EXECUTION WHERE JOB_EXECUTION_ID=1
INSERT INTO BATCH_JOB_EXECUTION VALUES(1,2,0,'2018-04-23 15:12:40.031000000','2018-04-23 15:12:40.034000000','2018-04-23 15:12:40.054000000','COMPLETED','COMPLETED','','2018-04-23 15:12:40.054000000',NULL)
SET AUTOCOMMIT TRUE
INSERT INTO BATCH_JOB_EXECUTION_SEQ VALUES(2)
DELETE FROM BATCH_JOB_EXECUTION_SEQ WHERE ID=1
INSERT INTO BATCH_JOB_EXECUTION VALUES(2,0,0,'2018-04-23 15:12:45.011000000',NULL,NULL,'STARTING','UNKNOWN','','2018-04-23 15:12:45.011000000',NULL)
INSERT INTO BATCH_JOB_EXECUTION_CONTEXT VALUES(2,'{"map":[""]}',NULL)
SET AUTOCOMMIT FALSE
DELETE FROM BATCH_JOB_EXECUTION WHERE JOB_EXECUTION_ID=2
INSERT INTO BATCH_JOB_EXECUTION VALUES(2,1,0,'2018-04-23 15:12:45.011000000','2018-04-23 15:12:45.016000000',NULL,'STARTED','UNKNOWN','','2018-04-23 15:12:45.016000000',NULL)
SET AUTOCOMMIT TRUE
INSERT INTO BATCH_STEP_EXECUTION_SEQ VALUES(2)
DELETE FROM BATCH_STEP_EXECUTION_SEQ WHERE ID=1
INSERT INTO BATCH_STEP_EXECUTION VALUES(2,0,'step1',2,'2018-04-23 15:12:45.040000000',NULL,'STARTING',0,0,0,0,0,0,0,0,'EXECUTING','','2018-04-23 15:12:45.040000000')
INSERT INTO BATCH_STEP_EXECUTION_CONTEXT VALUES(2,'{"map":[""]}',NULL)
SET AUTOCOMMIT FALSE
DELETE FROM BATCH_STEP_EXECUTION WHERE STEP_EXECUTION_ID=2
INSERT INTO BATCH_STEP_EXECUTION VALUES(2,1,'step1',2,'2018-04-23 15:12:45.042000000',NULL,'STARTED',0,0,0,0,0,0,0,0,'EXECUTING','','2018-04-23 15:12:45.042000000')
SET AUTOCOMMIT TRUE
SET AUTOCOMMIT FALSE
DELETE FROM BATCH_STEP_EXECUTION_CONTEXT WHERE STEP_EXECUTION_ID=2
INSERT INTO BATCH_STEP_EXECUTION_CONTEXT VALUES(2,'{"map":[{"entry":[{"string":["batch.taskletType","com.javacodegeeks.example.util.MyTasklet"]},{"string":["batch.stepType","org.springframework.batch.core.step.tasklet.TaskletStep"]}]}]}',NULL)
SET AUTOCOMMIT TRUE
SET AUTOCOMMIT FALSE
DELETE FROM BATCH_STEP_EXECUTION_CONTEXT WHERE STEP_EXECUTION_ID=2
INSERT INTO BATCH_STEP_EXECUTION_CONTEXT VALUES(2,'{"map":[{"entry":[{"string":["batch.taskletType","com.javacodegeeks.example.util.MyTasklet"]},{"string":["batch.stepType","org.springframework.batch.core.step.tasklet.TaskletStep"]}]}]}',NULL)
SET AUTOCOMMIT TRUE
SET AUTOCOMMIT FALSE
DELETE FROM BATCH_STEP_EXECUTION WHERE STEP_EXECUTION_ID=2
INSERT INTO BATCH_STEP_EXECUTION VALUES(2,2,'step1',2,'2018-04-23 15:12:45.042000000',NULL,'STARTED',1,0,0,0,0,0,0,0,'EXECUTING','','2018-04-23 15:12:45.045000000')
SET AUTOCOMMIT TRUE
SET AUTOCOMMIT FALSE
DELETE FROM BATCH_STEP_EXECUTION_CONTEXT WHERE STEP_EXECUTION_ID=2
INSERT INTO BATCH_STEP_EXECUTION_CONTEXT VALUES(2,'{"map":[{"entry":[{"string":["batch.taskletType","com.javacodegeeks.example.util.MyTasklet"]},{"string":["batch.stepType","org.springframework.batch.core.step.tasklet.TaskletStep"]}]}]}',NULL)
SET AUTOCOMMIT TRUE
SET AUTOCOMMIT FALSE
DELETE FROM BATCH_STEP_EXECUTION WHERE STEP_EXECUTION_ID=2
INSERT INTO BATCH_STEP_EXECUTION VALUES(2,3,'step1',2,'2018-04-23 15:12:45.042000000','2018-04-23 15:12:45.047000000','COMPLETED',1,0,0,0,0,0,0,0,'COMPLETED','','2018-04-23 15:12:45.047000000')
SET AUTOCOMMIT TRUE
SET AUTOCOMMIT FALSE
DELETE FROM BATCH_JOB_EXECUTION_CONTEXT WHERE JOB_EXECUTION_ID=2
INSERT INTO BATCH_JOB_EXECUTION_CONTEXT VALUES(2,'{"map":[""]}',NULL)
SET AUTOCOMMIT TRUE
SET AUTOCOMMIT FALSE
DELETE FROM BATCH_JOB_EXECUTION WHERE JOB_EXECUTION_ID=2
INSERT INTO BATCH_JOB_EXECUTION VALUES(2,2,0,'2018-04-23 15:12:45.011000000','2018-04-23 15:12:45.016000000','2018-04-23 15:12:45.049000000','COMPLETED','COMPLETED','','2018-04-23 15:12:45.049000000',NULL)
SET AUTOCOMMIT TRUE
INSERT INTO BATCH_JOB_EXECUTION_SEQ VALUES(3)
DELETE FROM BATCH_JOB_EXECUTION_SEQ WHERE ID=2
INSERT INTO BATCH_JOB_EXECUTION VALUES(3,0,0,'2018-04-23 15:12:50.011000000',NULL,NULL,'STARTING','UNKNOWN','','2018-04-23 15:12:50.011000000',NULL)
INSERT INTO BATCH_JOB_EXECUTION_CONTEXT VALUES(3,'{"map":[""]}',NULL)
SET AUTOCOMMIT FALSE
DELETE FROM BATCH_JOB_EXECUTION WHERE JOB_EXECUTION_ID=3
INSERT INTO BATCH_JOB_EXECUTION VALUES(3,1,0,'2018-04-23 15:12:50.011000000','2018-04-23 15:12:50.016000000',NULL,'STARTED','UNKNOWN','','2018-04-23 15:12:50.016000000',NULL)
SET AUTOCOMMIT TRUE
INSERT INTO BATCH_STEP_EXECUTION_SEQ VALUES(3)
DELETE FROM BATCH_STEP_EXECUTION_SEQ WHERE ID=2
INSERT INTO BATCH_STEP_EXECUTION VALUES(3,0,'step1',3,'2018-04-23 15:12:50.033000000',NULL,'STARTING',0,0,0,0,0,0,0,0,'EXECUTING','','2018-04-23 15:12:50.033000000')
INSERT INTO BATCH_STEP_EXECUTION_CONTEXT VALUES(3,'{"map":[""]}',NULL)
SET AUTOCOMMIT FALSE
DELETE FROM BATCH_STEP_EXECUTION WHERE STEP_EXECUTION_ID=3
INSERT INTO BATCH_STEP_EXECUTION VALUES(3,1,'step1',3,'2018-04-23 15:12:50.037000000',NULL,'STARTED',0,0,0,0,0,0,0,0,'EXECUTING','','2018-04-23 15:12:50.037000000')
SET AUTOCOMMIT TRUE
SET AUTOCOMMIT FALSE
DELETE FROM BATCH_STEP_EXECUTION_CONTEXT WHERE STEP_EXECUTION_ID=3
INSERT INTO BATCH_STEP_EXECUTION_CONTEXT VALUES(3,'{"map":[{"entry":[{"string":["batch.taskletType","com.javacodegeeks.example.util.MyTasklet"]},{"string":["batch.stepType","org.springframework.batch.core.step.tasklet.TaskletStep"]}]}]}',NULL)
SET AUTOCOMMIT TRUE
SET AUTOCOMMIT FALSE
DELETE FROM BATCH_STEP_EXECUTION_CONTEXT WHERE STEP_EXECUTION_ID=3
INSERT INTO BATCH_STEP_EXECUTION_CONTEXT VALUES(3,'{"map":[{"entry":[{"string":["batch.taskletType","com.javacodegeeks.example.util.MyTasklet"]},{"string":["batch.stepType","org.springframework.batch.core.step.tasklet.TaskletStep"]}]}]}',NULL)
SET AUTOCOMMIT TRUE
SET AUTOCOMMIT FALSE
DELETE FROM BATCH_STEP_EXECUTION WHERE STEP_EXECUTION_ID=3
INSERT INTO BATCH_STEP_EXECUTION VALUES(3,2,'step1',3,'2018-04-23 15:12:50.037000000',NULL,'STARTED',1,0,0,0,0,0,0,0,'EXECUTING','','2018-04-23 15:12:50.045000000')
SET AUTOCOMMIT TRUE
SET AUTOCOMMIT FALSE
DELETE FROM BATCH_STEP_EXECUTION_CONTEXT WHERE STEP_EXECUTION_ID=3
INSERT INTO BATCH_STEP_EXECUTION_CONTEXT VALUES(3,'{"map":[{"entry":[{"string":["batch.taskletType","com.javacodegeeks.example.util.MyTasklet"]},{"string":["batch.stepType","org.springframework.batch.core.step.tasklet.TaskletStep"]}]}]}',NULL)
SET AUTOCOMMIT TRUE
SET AUTOCOMMIT FALSE
DELETE FROM BATCH_STEP_EXECUTION WHERE STEP_EXECUTION_ID=3
INSERT INTO BATCH_STEP_EXECUTION VALUES(3,3,'step1',3,'2018-04-23 15:12:50.037000000','2018-04-23 15:12:50.046000000','COMPLETED',1,0,0,0,0,0,0,0,'COMPLETED','','2018-04-23 15:12:50.046000000')
SET AUTOCOMMIT TRUE
SET AUTOCOMMIT FALSE
DELETE FROM BATCH_JOB_EXECUTION_CONTEXT WHERE JOB_EXECUTION_ID=3
INSERT INTO BATCH_JOB_EXECUTION_CONTEXT VALUES(3,'{"map":[""]}',NULL)
SET AUTOCOMMIT TRUE
SET AUTOCOMMIT FALSE
DELETE FROM BATCH_JOB_EXECUTION WHERE JOB_EXECUTION_ID=3
INSERT INTO BATCH_JOB_EXECUTION VALUES(3,2,0,'2018-04-23 15:12:50.011000000','2018-04-23 15:12:50.016000000','2018-04-23 15:12:50.049000000','COMPLETED','COMPLETED','','2018-04-23 15:12:50.049000000',NULL)
SET AUTOCOMMIT TRUE
INSERT INTO BATCH_JOB_EXECUTION_SEQ VALUES(4)
DELETE FROM BATCH_JOB_EXECUTION_SEQ WHERE ID=3
INSERT INTO BATCH_JOB_EXECUTION VALUES(4,0,0,'2018-04-23 15:12:55.011000000',NULL,NULL,'STARTING','UNKNOWN','','2018-04-23 15:12:55.011000000',NULL)
INSERT INTO BATCH_JOB_EXECUTION_CONTEXT VALUES(4,'{"map":[""]}',NULL)
SET AUTOCOMMIT FALSE
DELETE FROM BATCH_JOB_EXECUTION WHERE JOB_EXECUTION_ID=4
INSERT INTO BATCH_JOB_EXECUTION VALUES(4,1,0,'2018-04-23 15:12:55.011000000','2018-04-23 15:12:55.015000000',NULL,'STARTED','UNKNOWN','','2018-04-23 15:12:55.016000000',NULL)
SET AUTOCOMMIT TRUE
INSERT INTO BATCH_STEP_EXECUTION_SEQ VALUES(4)
DELETE FROM BATCH_STEP_EXECUTION_SEQ WHERE ID=3
INSERT INTO BATCH_STEP_EXECUTION VALUES(4,0,'step1',4,'2018-04-23 15:12:55.030000000',NULL,'STARTING',0,0,0,0,0,0,0,0,'EXECUTING','','2018-04-23 15:12:55.030000000')
INSERT INTO BATCH_STEP_EXECUTION_CONTEXT VALUES(4,'{"map":[""]}',NULL)
SET AUTOCOMMIT FALSE
DELETE FROM BATCH_STEP_EXECUTION WHERE STEP_EXECUTION_ID=4
INSERT INTO BATCH_STEP_EXECUTION VALUES(4,1,'step1',4,'2018-04-23 15:12:55.032000000',NULL,'STARTED',0,0,0,0,0,0,0,0,'EXECUTING','','2018-04-23 15:12:55.032000000')
SET AUTOCOMMIT TRUE
SET AUTOCOMMIT FALSE
DELETE FROM BATCH_STEP_EXECUTION_CONTEXT WHERE STEP_EXECUTION_ID=4
INSERT INTO BATCH_STEP_EXECUTION_CONTEXT VALUES(4,'{"map":[{"entry":[{"string":["batch.taskletType","com.javacodegeeks.example.util.MyTasklet"]},{"string":["batch.stepType","org.springframework.batch.core.step.tasklet.TaskletStep"]}]}]}',NULL)
SET AUTOCOMMIT TRUE
SET AUTOCOMMIT FALSE
DELETE FROM BATCH_STEP_EXECUTION_CONTEXT WHERE STEP_EXECUTION_ID=4
INSERT INTO BATCH_STEP_EXECUTION_CONTEXT VALUES(4,'{"map":[{"entry":[{"string":["batch.taskletType","com.javacodegeeks.example.util.MyTasklet"]},{"string":["batch.stepType","org.springframework.batch.core.step.tasklet.TaskletStep"]}]}]}',NULL)
SET AUTOCOMMIT TRUE
SET AUTOCOMMIT FALSE
DELETE FROM BATCH_STEP_EXECUTION WHERE STEP_EXECUTION_ID=4
INSERT INTO BATCH_STEP_EXECUTION VALUES(4,2,'step1',4,'2018-04-23 15:12:55.032000000',NULL,'STARTED',1,0,0,0,0,0,0,0,'EXECUTING','','2018-04-23 15:12:55.036000000')
SET AUTOCOMMIT TRUE
SET AUTOCOMMIT FALSE
DELETE FROM BATCH_STEP_EXECUTION_CONTEXT WHERE STEP_EXECUTION_ID=4
INSERT INTO BATCH_STEP_EXECUTION_CONTEXT VALUES(4,'{"map":[{"entry":[{"string":["batch.taskletType","com.javacodegeeks.example.util.MyTasklet"]},{"string":["batch.stepType","org.springframework.batch.core.step.tasklet.TaskletStep"]}]}]}',NULL)
SET AUTOCOMMIT TRUE
SET AUTOCOMMIT FALSE
DELETE FROM BATCH_STEP_EXECUTION WHERE STEP_EXECUTION_ID=4
INSERT INTO BATCH_STEP_EXECUTION VALUES(4,3,'step1',4,'2018-04-23 15:12:55.032000000','2018-04-23 15:12:55.038000000','COMPLETED',1,0,0,0,0,0,0,0,'COMPLETED','','2018-04-23 15:12:55.038000000')
SET AUTOCOMMIT TRUE
SET AUTOCOMMIT FALSE
DELETE FROM BATCH_JOB_EXECUTION_CONTEXT WHERE JOB_EXECUTION_ID=4
INSERT INTO BATCH_JOB_EXECUTION_CONTEXT VALUES(4,'{"map":[""]}',NULL)
SET AUTOCOMMIT TRUE
SET AUTOCOMMIT FALSE
DELETE FROM BATCH_JOB_EXECUTION WHERE JOB_EXECUTION_ID=4
INSERT INTO BATCH_JOB_EXECUTION VALUES(4,2,0,'2018-04-23 15:12:55.011000000','2018-04-23 15:12:55.015000000','2018-04-23 15:12:55.040000000','COMPLETED','COMPLETED','','2018-04-23 15:12:55.040000000',NULL)
SET AUTOCOMMIT TRUE
INSERT INTO BATCH_JOB_EXECUTION_SEQ VALUES(5)
DELETE FROM BATCH_JOB_EXECUTION_SEQ WHERE ID=4
INSERT INTO BATCH_JOB_EXECUTION VALUES(5,0,0,'2018-04-23 15:13:00.012000000',NULL,NULL,'STARTING','UNKNOWN','','2018-04-23 15:13:00.012000000',NULL)
INSERT INTO BATCH_JOB_EXECUTION_CONTEXT VALUES(5,'{"map":[""]}',NULL)
SET AUTOCOMMIT FALSE
DELETE FROM BATCH_JOB_EXECUTION WHERE JOB_EXECUTION_ID=5
INSERT INTO BATCH_JOB_EXECUTION VALUES(5,1,0,'2018-04-23 15:13:00.012000000','2018-04-23 15:13:00.017000000',NULL,'STARTED','UNKNOWN','','2018-04-23 15:13:00.017000000',NULL)
SET AUTOCOMMIT TRUE
INSERT INTO BATCH_STEP_EXECUTION_SEQ VALUES(5)
DELETE FROM BATCH_STEP_EXECUTION_SEQ WHERE ID=4
INSERT INTO BATCH_STEP_EXECUTION VALUES(5,0,'step1',5,'2018-04-23 15:13:00.035000000',NULL,'STARTING',0,0,0,0,0,0,0,0,'EXECUTING','','2018-04-23 15:13:00.035000000')
INSERT INTO BATCH_STEP_EXECUTION_CONTEXT VALUES(5,'{"map":[""]}',NULL)
SET AUTOCOMMIT FALSE
DELETE FROM BATCH_STEP_EXECUTION WHERE STEP_EXECUTION_ID=5
INSERT INTO BATCH_STEP_EXECUTION VALUES(5,1,'step1',5,'2018-04-23 15:13:00.036000000',NULL,'STARTED',0,0,0,0,0,0,0,0,'EXECUTING','','2018-04-23 15:13:00.037000000')
SET AUTOCOMMIT TRUE
SET AUTOCOMMIT FALSE
DELETE FROM BATCH_STEP_EXECUTION_CONTEXT WHERE STEP_EXECUTION_ID=5
INSERT INTO BATCH_STEP_EXECUTION_CONTEXT VALUES(5,'{"map":[{"entry":[{"string":["batch.taskletType","com.javacodegeeks.example.util.MyTasklet"]},{"string":["batch.stepType","org.springframework.batch.core.step.tasklet.TaskletStep"]}]}]}',NULL)
SET AUTOCOMMIT TRUE
SET AUTOCOMMIT FALSE
DELETE FROM BATCH_STEP_EXECUTION_CONTEXT WHERE STEP_EXECUTION_ID=5
INSERT INTO BATCH_STEP_EXECUTION_CONTEXT VALUES(5,'{"map":[{"entry":[{"string":["batch.taskletType","com.javacodegeeks.example.util.MyTasklet"]},{"string":["batch.stepType","org.springframework.batch.core.step.tasklet.TaskletStep"]}]}]}',NULL)
SET AUTOCOMMIT TRUE
SET AUTOCOMMIT FALSE
DELETE FROM BATCH_STEP_EXECUTION WHERE STEP_EXECUTION_ID=5
INSERT INTO BATCH_STEP_EXECUTION VALUES(5,2,'step1',5,'2018-04-23 15:13:00.036000000',NULL,'STARTED',1,0,0,0,0,0,0,0,'EXECUTING','','2018-04-23 15:13:00.040000000')
SET AUTOCOMMIT TRUE
SET AUTOCOMMIT FALSE
DELETE FROM BATCH_STEP_EXECUTION_CONTEXT WHERE STEP_EXECUTION_ID=5
INSERT INTO BATCH_STEP_EXECUTION_CONTEXT VALUES(5,'{"map":[{"entry":[{"string":["batch.taskletType","com.javacodegeeks.example.util.MyTasklet"]},{"string":["batch.stepType","org.springframework.batch.core.step.tasklet.TaskletStep"]}]}]}',NULL)
SET AUTOCOMMIT TRUE
SET AUTOCOMMIT FALSE
DELETE FROM BATCH_STEP_EXECUTION WHERE STEP_EXECUTION_ID=5
INSERT INTO BATCH_STEP_EXECUTION VALUES(5,3,'step1',5,'2018-04-23 15:13:00.036000000','2018-04-23 15:13:00.041000000','COMPLETED',1,0,0,0,0,0,0,0,'COMPLETED','','2018-04-23 15:13:00.041000000')
SET AUTOCOMMIT TRUE
SET AUTOCOMMIT FALSE
DELETE FROM BATCH_JOB_EXECUTION_CONTEXT WHERE JOB_EXECUTION_ID=5
INSERT INTO BATCH_JOB_EXECUTION_CONTEXT VALUES(5,'{"map":[""]}',NULL)
SET AUTOCOMMIT TRUE
SET AUTOCOMMIT FALSE
DELETE FROM BATCH_JOB_EXECUTION WHERE JOB_EXECUTION_ID=5
INSERT INTO BATCH_JOB_EXECUTION VALUES(5,2,0,'2018-04-23 15:13:00.012000000','2018-04-23 15:13:00.017000000','2018-04-23 15:13:00.043000000','COMPLETED','COMPLETED','','2018-04-23 15:13:00.043000000',NULL)
SET AUTOCOMMIT TRUE
INSERT INTO BATCH_JOB_EXECUTION_SEQ VALUES(6)
DELETE FROM BATCH_JOB_EXECUTION_SEQ WHERE ID=5
INSERT INTO BATCH_JOB_EXECUTION VALUES(6,0,0,'2018-04-23 15:13:05.044000000',NULL,NULL,'STARTING','UNKNOWN','','2018-04-23 15:13:05.044000000',NULL)
INSERT INTO BATCH_JOB_EXECUTION_CONTEXT VALUES(6,'{"map":[""]}',NULL)
SET AUTOCOMMIT FALSE
DELETE FROM BATCH_JOB_EXECUTION WHERE JOB_EXECUTION_ID=6
INSERT INTO BATCH_JOB_EXECUTION VALUES(6,1,0,'2018-04-23 15:13:05.044000000','2018-04-23 15:13:05.046000000',NULL,'STARTED','UNKNOWN','','2018-04-23 15:13:05.047000000',NULL)
SET AUTOCOMMIT TRUE
INSERT INTO BATCH_STEP_EXECUTION_SEQ VALUES(6)
DELETE FROM BATCH_STEP_EXECUTION_SEQ WHERE ID=5
INSERT INTO BATCH_STEP_EXECUTION VALUES(6,0,'step1',6,'2018-04-23 15:13:05.069000000',NULL,'STARTING',0,0,0,0,0,0,0,0,'EXECUTING','','2018-04-23 15:13:05.069000000')
INSERT INTO BATCH_STEP_EXECUTION_CONTEXT VALUES(6,'{"map":[""]}',NULL)
SET AUTOCOMMIT FALSE
DELETE FROM BATCH_STEP_EXECUTION WHERE STEP_EXECUTION_ID=6
INSERT INTO BATCH_STEP_EXECUTION VALUES(6,1,'step1',6,'2018-04-23 15:13:05.073000000',NULL,'STARTED',0,0,0,0,0,0,0,0,'EXECUTING','','2018-04-23 15:13:05.073000000')
SET AUTOCOMMIT TRUE
SET AUTOCOMMIT FALSE
DELETE FROM BATCH_STEP_EXECUTION_CONTEXT WHERE STEP_EXECUTION_ID=6
INSERT INTO BATCH_STEP_EXECUTION_CONTEXT VALUES(6,'{"map":[{"entry":[{"string":["batch.taskletType","com.javacodegeeks.example.util.MyTasklet"]},{"string":["batch.stepType","org.springframework.batch.core.step.tasklet.TaskletStep"]}]}]}',NULL)
SET AUTOCOMMIT TRUE
SET AUTOCOMMIT FALSE
DELETE FROM BATCH_STEP_EXECUTION_CONTEXT WHERE STEP_EXECUTION_ID=6
INSERT INTO BATCH_STEP_EXECUTION_CONTEXT VALUES(6,'{"map":[{"entry":[{"string":["batch.taskletType","com.javacodegeeks.example.util.MyTasklet"]},{"string":["batch.stepType","org.springframework.batch.core.step.tasklet.TaskletStep"]}]}]}',NULL)
SET AUTOCOMMIT TRUE
SET AUTOCOMMIT FALSE
DELETE FROM BATCH_STEP_EXECUTION WHERE STEP_EXECUTION_ID=6
INSERT INTO BATCH_STEP_EXECUTION VALUES(6,2,'step1',6,'2018-04-23 15:13:05.073000000',NULL,'STARTED',1,0,0,0,0,0,0,0,'EXECUTING','','2018-04-23 15:13:05.076000000')
SET AUTOCOMMIT TRUE
SET AUTOCOMMIT FALSE
DELETE FROM BATCH_STEP_EXECUTION_CONTEXT WHERE STEP_EXECUTION_ID=6
INSERT INTO BATCH_STEP_EXECUTION_CONTEXT VALUES(6,'{"map":[{"entry":[{"string":["batch.taskletType","com.javacodegeeks.example.util.MyTasklet"]},{"string":["batch.stepType","org.springframework.batch.core.step.tasklet.TaskletStep"]}]}]}',NULL)
SET AUTOCOMMIT TRUE
SET AUTOCOMMIT FALSE
DELETE FROM BATCH_STEP_EXECUTION WHERE STEP_EXECUTION_ID=6
INSERT INTO BATCH_STEP_EXECUTION VALUES(6,3,'step1',6,'2018-04-23 15:13:05.073000000','2018-04-23 15:13:05.077000000','COMPLETED',1,0,0,0,0,0,0,0,'COMPLETED','','2018-04-23 15:13:05.077000000')
SET AUTOCOMMIT TRUE
SET AUTOCOMMIT FALSE
DELETE FROM BATCH_JOB_EXECUTION_CONTEXT WHERE JOB_EXECUTION_ID=6
INSERT INTO BATCH_JOB_EXECUTION_CONTEXT VALUES(6,'{"map":[""]}',NULL)
SET AUTOCOMMIT TRUE
SET AUTOCOMMIT FALSE
DELETE FROM BATCH_JOB_EXECUTION WHERE JOB_EXECUTION_ID=6
INSERT INTO BATCH_JOB_EXECUTION VALUES(6,2,0,'2018-04-23 15:13:05.044000000','2018-04-23 15:13:05.046000000','2018-04-23 15:13:05.078000000','COMPLETED','COMPLETED','','2018-04-23 15:13:05.078000000',NULL)
SET AUTOCOMMIT TRUE
INSERT INTO BATCH_JOB_EXECUTION_SEQ VALUES(7)
DELETE FROM BATCH_JOB_EXECUTION_SEQ WHERE ID=6
INSERT INTO BATCH_JOB_EXECUTION VALUES(7,0,0,'2018-04-23 15:13:10.008000000',NULL,NULL,'STARTING','UNKNOWN','','2018-04-23 15:13:10.008000000',NULL)
INSERT INTO BATCH_JOB_EXECUTION_CONTEXT VALUES(7,'{"map":[""]}',NULL)
SET AUTOCOMMIT FALSE
DELETE FROM BATCH_JOB_EXECUTION WHERE JOB_EXECUTION_ID=7
INSERT INTO BATCH_JOB_EXECUTION VALUES(7,1,0,'2018-04-23 15:13:10.008000000','2018-04-23 15:13:10.012000000',NULL,'STARTED','UNKNOWN','','2018-04-23 15:13:10.012000000',NULL)
SET AUTOCOMMIT TRUE
INSERT INTO BATCH_STEP_EXECUTION_SEQ VALUES(7)
DELETE FROM BATCH_STEP_EXECUTION_SEQ WHERE ID=6
INSERT INTO BATCH_STEP_EXECUTION VALUES(7,0,'step1',7,'2018-04-23 15:13:10.028000000',NULL,'STARTING',0,0,0,0,0,0,0,0,'EXECUTING','','2018-04-23 15:13:10.028000000')
INSERT INTO BATCH_STEP_EXECUTION_CONTEXT VALUES(7,'{"map":[""]}',NULL)
SET AUTOCOMMIT FALSE
DELETE FROM BATCH_STEP_EXECUTION WHERE STEP_EXECUTION_ID=7
INSERT INTO BATCH_STEP_EXECUTION VALUES(7,1,'step1',7,'2018-04-23 15:13:10.030000000',NULL,'STARTED',0,0,0,0,0,0,0,0,'EXECUTING','','2018-04-23 15:13:10.030000000')
SET AUTOCOMMIT TRUE
SET AUTOCOMMIT FALSE
DELETE FROM BATCH_STEP_EXECUTION_CONTEXT WHERE STEP_EXECUTION_ID=7
INSERT INTO BATCH_STEP_EXECUTION_CONTEXT VALUES(7,'{"map":[{"entry":[{"string":["batch.taskletType","com.javacodegeeks.example.util.MyTasklet"]},{"string":["batch.stepType","org.springframework.batch.core.step.tasklet.TaskletStep"]}]}]}',NULL)
SET AUTOCOMMIT TRUE
SET AUTOCOMMIT FALSE
DELETE FROM BATCH_STEP_EXECUTION_CONTEXT WHERE STEP_EXECUTION_ID=7
INSERT INTO BATCH_STEP_EXECUTION_CONTEXT VALUES(7,'{"map":[{"entry":[{"string":["batch.taskletType","com.javacodegeeks.example.util.MyTasklet"]},{"string":["batch.stepType","org.springframework.batch.core.step.tasklet.TaskletStep"]}]}]}',NULL)
SET AUTOCOMMIT TRUE
SET AUTOCOMMIT FALSE
DELETE FROM BATCH_STEP_EXECUTION WHERE STEP_EXECUTION_ID=7
INSERT INTO BATCH_STEP_EXECUTION VALUES(7,2,'step1',7,'2018-04-23 15:13:10.030000000',NULL,'STARTED',1,0,0,0,0,0,0,0,'EXECUTING','','2018-04-23 15:13:10.034000000')
SET AUTOCOMMIT TRUE
SET AUTOCOMMIT FALSE
DELETE FROM BATCH_STEP_EXECUTION_CONTEXT WHERE STEP_EXECUTION_ID=7
INSERT INTO BATCH_STEP_EXECUTION_CONTEXT VALUES(7,'{"map":[{"entry":[{"string":["batch.taskletType","com.javacodegeeks.example.util.MyTasklet"]},{"string":["batch.stepType","org.springframework.batch.core.step.tasklet.TaskletStep"]}]}]}',NULL)
SET AUTOCOMMIT TRUE
SET AUTOCOMMIT FALSE
DELETE FROM BATCH_STEP_EXECUTION WHERE STEP_EXECUTION_ID=7
INSERT INTO BATCH_STEP_EXECUTION VALUES(7,3,'step1',7,'2018-04-23 15:13:10.030000000','2018-04-23 15:13:10.036000000','COMPLETED',1,0,0,0,0,0,0,0,'COMPLETED','','2018-04-23 15:13:10.036000000')
SET AUTOCOMMIT TRUE
SET AUTOCOMMIT FALSE
DELETE FROM BATCH_JOB_EXECUTION_CONTEXT WHERE JOB_EXECUTION_ID=7
INSERT INTO BATCH_JOB_EXECUTION_CONTEXT VALUES(7,'{"map":[""]}',NULL)
SET AUTOCOMMIT TRUE
SET AUTOCOMMIT FALSE
DELETE FROM BATCH_JOB_EXECUTION WHERE JOB_EXECUTION_ID=7
INSERT INTO BATCH_JOB_EXECUTION VALUES(7,2,0,'2018-04-23 15:13:10.008000000','2018-04-23 15:13:10.012000000','2018-04-23 15:13:10.038000000','COMPLETED','COMPLETED','','2018-04-23 15:13:10.038000000',NULL)
SET AUTOCOMMIT TRUE
INSERT INTO BATCH_JOB_EXECUTION_SEQ VALUES(8)
DELETE FROM BATCH_JOB_EXECUTION_SEQ WHERE ID=7
INSERT INTO BATCH_JOB_EXECUTION VALUES(8,0,0,'2018-04-23 15:13:15.003000000',NULL,NULL,'STARTING','UNKNOWN','','2018-04-23 15:13:15.003000000',NULL)
INSERT INTO BATCH_JOB_EXECUTION_CONTEXT VALUES(8,'{"map":[""]}',NULL)
SET AUTOCOMMIT FALSE
DELETE FROM BATCH_JOB_EXECUTION WHERE JOB_EXECUTION_ID=8
INSERT INTO BATCH_JOB_EXECUTION VALUES(8,1,0,'2018-04-23 15:13:15.003000000','2018-04-23 15:13:15.004000000',NULL,'STARTED','UNKNOWN','','2018-04-23 15:13:15.004000000',NULL)
SET AUTOCOMMIT TRUE
INSERT INTO BATCH_STEP_EXECUTION_SEQ VALUES(8)
DELETE FROM BATCH_STEP_EXECUTION_SEQ WHERE ID=7
INSERT INTO BATCH_STEP_EXECUTION VALUES(8,0,'step1',8,'2018-04-23 15:13:15.009000000',NULL,'STARTING',0,0,0,0,0,0,0,0,'EXECUTING','','2018-04-23 15:13:15.009000000')
INSERT INTO BATCH_STEP_EXECUTION_CONTEXT VALUES(8,'{"map":[""]}',NULL)
SET AUTOCOMMIT FALSE
DELETE FROM BATCH_STEP_EXECUTION WHERE STEP_EXECUTION_ID=8
INSERT INTO BATCH_STEP_EXECUTION VALUES(8,1,'step1',8,'2018-04-23 15:13:15.010000000',NULL,'STARTED',0,0,0,0,0,0,0,0,'EXECUTING','','2018-04-23 15:13:15.010000000')
SET AUTOCOMMIT TRUE
SET AUTOCOMMIT FALSE
DELETE FROM BATCH_STEP_EXECUTION_CONTEXT WHERE STEP_EXECUTION_ID=8
INSERT INTO BATCH_STEP_EXECUTION_CONTEXT VALUES(8,'{"map":[{"entry":[{"string":["batch.taskletType","com.javacodegeeks.example.util.MyTasklet"]},{"string":["batch.stepType","org.springframework.batch.core.step.tasklet.TaskletStep"]}]}]}',NULL)
SET AUTOCOMMIT TRUE
SET AUTOCOMMIT FALSE
DELETE FROM BATCH_STEP_EXECUTION_CONTEXT WHERE STEP_EXECUTION_ID=8
INSERT INTO BATCH_STEP_EXECUTION_CONTEXT VALUES(8,'{"map":[{"entry":[{"string":["batch.taskletType","com.javacodegeeks.example.util.MyTasklet"]},{"string":["batch.stepType","org.springframework.batch.core.step.tasklet.TaskletStep"]}]}]}',NULL)
SET AUTOCOMMIT TRUE
SET AUTOCOMMIT FALSE
DELETE FROM BATCH_STEP_EXECUTION WHERE STEP_EXECUTION_ID=8
INSERT INTO BATCH_STEP_EXECUTION VALUES(8,2,'step1',8,'2018-04-23 15:13:15.010000000',NULL,'STARTED',1,0,0,0,0,0,0,0,'EXECUTING','','2018-04-23 15:13:15.012000000')
SET AUTOCOMMIT TRUE
SET AUTOCOMMIT FALSE
DELETE FROM BATCH_STEP_EXECUTION_CONTEXT WHERE STEP_EXECUTION_ID=8
INSERT INTO BATCH_STEP_EXECUTION_CONTEXT VALUES(8,'{"map":[{"entry":[{"string":["batch.taskletType","com.javacodegeeks.example.util.MyTasklet"]},{"string":["batch.stepType","org.springframework.batch.core.step.tasklet.TaskletStep"]}]}]}',NULL)
SET AUTOCOMMIT TRUE
SET AUTOCOMMIT FALSE
DELETE FROM BATCH_STEP_EXECUTION WHERE STEP_EXECUTION_ID=8
INSERT INTO BATCH_STEP_EXECUTION VALUES(8,3,'step1',8,'2018-04-23 15:13:15.010000000','2018-04-23 15:13:15.013000000','COMPLETED',1,0,0,0,0,0,0,0,'COMPLETED','','2018-04-23 15:13:15.013000000')
SET AUTOCOMMIT TRUE
SET AUTOCOMMIT FALSE
DELETE FROM BATCH_JOB_EXECUTION_CONTEXT WHERE JOB_EXECUTION_ID=8
INSERT INTO BATCH_JOB_EXECUTION_CONTEXT VALUES(8,'{"map":[""]}',NULL)
SET AUTOCOMMIT TRUE
SET AUTOCOMMIT FALSE
DELETE FROM BATCH_JOB_EXECUTION WHERE JOB_EXECUTION_ID=8
INSERT INTO BATCH_JOB_EXECUTION VALUES(8,2,0,'2018-04-23 15:13:15.003000000','2018-04-23 15:13:15.004000000','2018-04-23 15:13:15.014000000','COMPLETED','COMPLETED','','2018-04-23 15:13:15.014000000',NULL)
SET AUTOCOMMIT TRUE
INSERT INTO BATCH_JOB_EXECUTION_SEQ VALUES(9)
DELETE FROM BATCH_JOB_EXECUTION_SEQ WHERE ID=8
INSERT INTO BATCH_JOB_EXECUTION VALUES(9,0,0,'2018-04-23 15:13:20.008000000',NULL,NULL,'STARTING','UNKNOWN','','2018-04-23 15:13:20.008000000',NULL)
INSERT INTO BATCH_JOB_EXECUTION_CONTEXT VALUES(9,'{"map":[""]}',NULL)
SET AUTOCOMMIT FALSE
DELETE FROM BATCH_JOB_EXECUTION WHERE JOB_EXECUTION_ID=9
INSERT INTO BATCH_JOB_EXECUTION VALUES(9,1,0,'2018-04-23 15:13:20.008000000','2018-04-23 15:13:20.012000000',NULL,'STARTED','UNKNOWN','','2018-04-23 15:13:20.012000000',NULL)
SET AUTOCOMMIT TRUE
INSERT INTO BATCH_STEP_EXECUTION_SEQ VALUES(9)
DELETE FROM BATCH_STEP_EXECUTION_SEQ WHERE ID=8
INSERT INTO BATCH_STEP_EXECUTION VALUES(9,0,'step1',9,'2018-04-23 15:13:20.030000000',NULL,'STARTING',0,0,0,0,0,0,0,0,'EXECUTING','','2018-04-23 15:13:20.030000000')
INSERT INTO BATCH_STEP_EXECUTION_CONTEXT VALUES(9,'{"map":[""]}',NULL)
SET AUTOCOMMIT FALSE
DELETE FROM BATCH_STEP_EXECUTION WHERE STEP_EXECUTION_ID=9
INSERT INTO BATCH_STEP_EXECUTION VALUES(9,1,'step1',9,'2018-04-23 15:13:20.033000000',NULL,'STARTED',0,0,0,0,0,0,0,0,'EXECUTING','','2018-04-23 15:13:20.033000000')
SET AUTOCOMMIT TRUE
SET AUTOCOMMIT FALSE
DELETE FROM BATCH_STEP_EXECUTION_CONTEXT WHERE STEP_EXECUTION_ID=9
INSERT INTO BATCH_STEP_EXECUTION_CONTEXT VALUES(9,'{"map":[{"entry":[{"string":["batch.taskletType","com.javacodegeeks.example.util.MyTasklet"]},{"string":["batch.stepType","org.springframework.batch.core.step.tasklet.TaskletStep"]}]}]}',NULL)
SET AUTOCOMMIT TRUE
SET AUTOCOMMIT FALSE
DELETE FROM BATCH_STEP_EXECUTION_CONTEXT WHERE STEP_EXECUTION_ID=9
INSERT INTO BATCH_STEP_EXECUTION_CONTEXT VALUES(9,'{"map":[{"entry":[{"string":["batch.taskletType","com.javacodegeeks.example.util.MyTasklet"]},{"string":["batch.stepType","org.springframework.batch.core.step.tasklet.TaskletStep"]}]}]}',NULL)
SET AUTOCOMMIT TRUE
SET AUTOCOMMIT FALSE
DELETE FROM BATCH_STEP_EXECUTION WHERE STEP_EXECUTION_ID=9
INSERT INTO BATCH_STEP_EXECUTION VALUES(9,2,'step1',9,'2018-04-23 15:13:20.033000000',NULL,'STARTED',1,0,0,0,0,0,0,0,'EXECUTING','','2018-04-23 15:13:20.039000000')
SET AUTOCOMMIT TRUE
SET AUTOCOMMIT FALSE
DELETE FROM BATCH_STEP_EXECUTION_CONTEXT WHERE STEP_EXECUTION_ID=9
INSERT INTO BATCH_STEP_EXECUTION_CONTEXT VALUES(9,'{"map":[{"entry":[{"string":["batch.taskletType","com.javacodegeeks.example.util.MyTasklet"]},{"string":["batch.stepType","org.springframework.batch.core.step.tasklet.TaskletStep"]}]}]}',NULL)
SET AUTOCOMMIT TRUE
SET AUTOCOMMIT FALSE
DELETE FROM BATCH_STEP_EXECUTION WHERE STEP_EXECUTION_ID=9
INSERT INTO BATCH_STEP_EXECUTION VALUES(9,3,'step1',9,'2018-04-23 15:13:20.033000000','2018-04-23 15:13:20.042000000','COMPLETED',1,0,0,0,0,0,0,0,'COMPLETED','','2018-04-23 15:13:20.042000000')
SET AUTOCOMMIT TRUE
SET AUTOCOMMIT FALSE
DELETE FROM BATCH_JOB_EXECUTION_CONTEXT WHERE JOB_EXECUTION_ID=9
INSERT INTO BATCH_JOB_EXECUTION_CONTEXT VALUES(9,'{"map":[""]}',NULL)
SET AUTOCOMMIT TRUE
SET AUTOCOMMIT FALSE
DELETE FROM BATCH_JOB_EXECUTION WHERE JOB_EXECUTION_ID=9
INSERT INTO BATCH_JOB_EXECUTION VALUES(9,2,0,'2018-04-23 15:13:20.008000000','2018-04-23 15:13:20.012000000','2018-04-23 15:13:20.045000000','COMPLETED','COMPLETED','','2018-04-23 15:13:20.045000000',NULL)
SET AUTOCOMMIT TRUE
